2021-07-29 18:34:06,951 INFO o.s.t.c.s.AbstractTestContextBootstrapper [main] Neither @ContextConfiguration nor @ContextHierarchy found for test class [com.example.Projekt.HelloControllerTest], using SpringBootContextLoader
2021-07-29 18:34:07,047 INFO o.s.t.c.s.AbstractContextLoader [main] Could not detect default resource locations for test class [com.example.Projekt.HelloControllerTest]: no resource found for suffixes {-context.xml, Context.groovy}.
2021-07-29 18:34:07,050 INFO o.s.t.c.s.AnnotationConfigContextLoaderUtils [main] Could not detect default configuration classes for test class [com.example.Projekt.HelloControllerTest]: HelloControllerTest does not declare any static, non-private, non-final, nested classes annotated with @Configuration.
2021-07-29 18:34:08,013 INFO o.s.b.t.c.SpringBootTestContextBootstrapper [main] Found @SpringBootConfiguration com.example.Projekt.ProjektApplication for test class com.example.Projekt.HelloControllerTest
2021-07-29 18:34:08,645 INFO o.s.t.c.s.AbstractTestContextBootstrapper [main] Loaded default TestExecutionListener class names from location [META-INF/spring.factories]: [org.springframework.boot.test.mock.mockito.MockitoTestExecutionListener, org.springframework.boot.test.mock.mockito.ResetMocksTestExecutionListener, org.springframework.boot.test.autoconfigure.restdocs.RestDocsTestExecutionListener, org.springframework.boot.test.autoconfigure.web.client.MockRestServiceServerResetTestExecutionListener, org.springframework.boot.test.autoconfigure.web.servlet.MockMvcPrintOnlyOnFailureTestExecutionListener, org.springframework.boot.test.autoconfigure.web.servlet.WebDriverTestExecutionListener, org.springframework.boot.test.autoconfigure.webservices.client.MockWebServiceServerTestExecutionListener, org.springframework.test.context.web.ServletTestExecutionListener, org.springframework.test.context.support.DirtiesContextBeforeModesTestExecutionListener, org.springframework.test.context.event.ApplicationEventsTestExecutionListener, org.springframework.test.context.support.DependencyInjectionTestExecutionListener, org.springframework.test.context.support.DirtiesContextTestExecutionListener, org.springframework.test.context.transaction.TransactionalTestExecutionListener, org.springframework.test.context.jdbc.SqlScriptsTestExecutionListener, org.springframework.test.context.event.EventPublishingTestExecutionListener]
2021-07-29 18:34:08,833 INFO o.s.t.c.s.AbstractTestContextBootstrapper [main] Using TestExecutionListeners: [org.springframework.test.context.web.ServletTestExecutionListener@443dbe42, org.springframework.test.context.support.DirtiesContextBeforeModesTestExecutionListener@473b3b7a, org.springframework.test.context.event.ApplicationEventsTestExecutionListener@1734f68, org.springframework.boot.test.mock.mockito.MockitoTestExecutionListener@77b7ffa4, org.springframework.boot.test.autoconfigure.SpringBootDependencyInjectionTestExecutionListener@5ed190be, org.springframework.test.context.support.DirtiesContextTestExecutionListener@402f80f5, org.springframework.test.context.transaction.TransactionalTestExecutionListener@5bbc9f97, org.springframework.test.context.jdbc.SqlScriptsTestExecutionListener@133e019b, org.springframework.test.context.event.EventPublishingTestExecutionListener@41382722, org.springframework.boot.test.mock.mockito.ResetMocksTestExecutionListener@7dac3fd8, org.springframework.boot.test.autoconfigure.restdocs.RestDocsTestExecutionListener@425357dd, org.springframework.boot.test.autoconfigure.web.client.MockRestServiceServerResetTestExecutionListener@2102a4d5, org.springframework.boot.test.autoconfigure.web.servlet.MockMvcPrintOnlyOnFailureTestExecutionListener@210386e0, org.springframework.boot.test.autoconfigure.web.servlet.WebDriverTestExecutionListener@3d4d3fe7, org.springframework.boot.test.autoconfigure.webservices.client.MockWebServiceServerTestExecutionListener@65f87a2c]
2021-07-29 18:34:11,500 INFO o.s.b.StartupInfoLogger [main] Starting HelloControllerTest using Java 16 on VEGA-Komputer with PID 13180 (started by vega0 in C:\Wazne dokumenty\JavaPrograms\Projekt)
2021-07-29 18:34:11,509 DEBUG o.s.b.StartupInfoLogger [main] Running with Spring Boot v2.4.5, Spring v5.3.6
2021-07-29 18:34:11,517 INFO o.s.b.SpringApplication [main] No active profile set, falling back to default profiles: default
2021-07-29 18:34:15,039 INFO o.s.d.r.c.RepositoryConfigurationDelegate [main] Bootstrapping Spring Data JPA repositories in DEFAULT mode.
2021-07-29 18:34:15,362 INFO o.s.d.r.c.RepositoryConfigurationDelegate [main] Finished Spring Data repository scanning in 277 ms. Found 1 JPA repository interfaces.
2021-07-29 18:34:17,723 INFO o.h.j.i.u.LogHelper [main] HHH000204: Processing PersistenceUnitInfo [name: default]
2021-07-29 18:34:18,029 INFO o.h.Version [main] HHH000412: Hibernate ORM core version 5.4.30.Final
2021-07-29 18:34:18,661 INFO o.h.a.c.r.j.JavaReflectionManager [main] HCANN000001: Hibernate Commons Annotations {5.1.2.Final}
2021-07-29 18:34:19,339 INFO c.z.h.HikariDataSource [main] HikariPool-1 - Starting...
2021-07-29 18:34:20,278 INFO c.z.h.HikariDataSource [main] HikariPool-1 - Start completed.
2021-07-29 18:34:20,506 INFO o.h.d.Dialect [main] HHH000400: Using dialect: org.hibernate.dialect.H2Dialect
2021-07-29 18:34:24,237 INFO o.h.e.t.j.p.i.JtaPlatformInitiator [main] HHH000490: Using JtaPlatform implementation: [org.hibernate.engine.transaction.jta.platform.internal.NoJtaPlatform]
2021-07-29 18:34:24,286 INFO o.s.o.j.AbstractEntityManagerFactoryBean [main] Initialized JPA EntityManagerFactory for persistence unit 'default'
2021-07-29 18:34:30,137 WARN o.s.b.a.o.j.JpaBaseConfiguration$JpaWebConfiguration [main] spring.jpa.open-in-view is enabled by default. Therefore, database queries may be performed during view rendering. Explicitly configure spring.jpa.open-in-view to disable this warning
2021-07-29 18:34:30,938 INFO o.s.s.c.ExecutorConfigurationSupport [main] Initializing ExecutorService 'applicationTaskExecutor'
2021-07-29 18:34:31,146 INFO o.s.b.a.h.H2ConsoleAutoConfiguration [main] H2 console available at '/console'. Database available at 'jdbc:h2:mem:testdb'
2021-07-29 18:34:31,368 INFO o.s.b.a.w.s.WelcomePageHandlerMapping [main] Adding welcome page template: index
2021-07-29 18:34:32,650 INFO o.s.m.w.MockServletContext [main] Initializing Spring TestDispatcherServlet ''
2021-07-29 18:34:32,651 INFO o.s.w.s.FrameworkServlet [main] Initializing Servlet ''
2021-07-29 18:34:32,654 INFO o.s.w.s.FrameworkServlet [main] Completed initialization in 2 ms
2021-07-29 18:34:32,758 INFO o.s.b.StartupInfoLogger [main] Started HelloControllerTest in 23.626 seconds (JVM running for 40.26)
2021-07-29 18:34:34,321 INFO c.e.P.HelloController [main] go to details, id=1
2021-07-29 18:34:35,998 INFO o.s.s.c.ExecutorConfigurationSupport [SpringContextShutdownHook] Shutting down ExecutorService 'applicationTaskExecutor'
2021-07-29 18:34:36,001 INFO o.s.o.j.AbstractEntityManagerFactoryBean [SpringContextShutdownHook] Closing JPA EntityManagerFactory for persistence unit 'default'
2021-07-29 18:34:36,020 INFO c.z.h.HikariDataSource [SpringContextShutdownHook] HikariPool-1 - Shutdown initiated...
2021-07-29 18:34:36,026 INFO c.z.h.HikariDataSource [SpringContextShutdownHook] HikariPool-1 - Shutdown completed.
